# JRE version: OpenJDK Runtime Environment (17.0.7) (build 17.0.7+0-b2043.56-10550314)
# Java VM: OpenJDK 64-Bit Server VM (17.0.7+0-b2043.56-10550314, mixed mode, tiered, compressed oops, compressed class ptrs, g1 gc, windows-amd64)
GC Precious Log:
 CPUs: 12 total, 12 available
 Memory: 16236M
 Large Page Support: Disabled
 NUMA Support: Disabled
 Compressed Oops: Enabled (32-bit)
 Heap Region Size: 1M
 Heap Min Capacity: 8M
 Heap Initial Capacity: 254M
 Heap Max Capacity: 2G
 Pre-touch: Disabled
 Parallel Workers: 10
 Concurrent Workers: 3
 Concurrent Refinement Workers: 10
 Periodic GC: Disabled
Heap:
 garbage-first heap   total 345088K, used 143468K [0x0000000080000000, 0x0000000100000000)
  region size 1024K, 2 young (2048K), 2 survivors (2048K)
 Metaspace       used 146424K, committed 148416K, reserved 1179648K
  class space    used 19809K, committed 20736K, reserved 1048576K
GC Heap History (20 events):
Event: 9960.235 GC heap after
{Heap after GC invocations=77 (full 1):
 garbage-first heap   total 329728K, used 124256K [0x0000000080000000, 0x0000000100000000)
  region size 1024K, 1 young (1024K), 1 survivors (1024K)
 Metaspace       used 143870K, committed 145216K, reserved 1179648K
  class space    used 19418K, committed 20032K, reserved 1048576K
}
Event: 9965.073 GC heap before
{Heap before GC invocations=77 (full 1):
 garbage-first heap   total 329728K, used 273760K [0x0000000080000000, 0x0000000100000000)
  region size 1024K, 148 young (151552K), 1 survivors (1024K)
 Metaspace       used 144431K, committed 145920K, reserved 1179648K
  class space    used 19506K, committed 20224K, reserved 1048576K
}
Event: 9965.083 GC heap after
{Heap after GC invocations=78 (full 1):
 garbage-first heap   total 329728K, used 140161K [0x0000000080000000, 0x0000000100000000)
  region size 1024K, 17 young (17408K), 17 survivors (17408K)
 Metaspace       used 144431K, committed 145920K, reserved 1179648K
  class space    used 19506K, committed 20224K, reserved 1048576K
}
Event: 9965.268 GC heap before
{Heap before GC invocations=79 (full 1):
 garbage-first heap   total 345088K, used 267137K [0x0000000080000000, 0x0000000100000000)
  region size 1024K, 142 young (145408K), 17 survivors (17408K)
 Metaspace       used 144431K, committed 145920K, reserved 1179648K
  class space    used 19506K, committed 20224K, reserved 1048576K
}
Event: 9965.276 GC heap after
{Heap after GC invocations=80 (full 1):
 garbage-first heap   total 345088K, used 138204K [0x0000000080000000, 0x0000000100000000)
  region size 1024K, 3 young (3072K), 3 survivors (3072K)
 Metaspace       used 144431K, committed 145920K, reserved 1179648K
  class space    used 19506K, committed 20224K, reserved 1048576K
}
Event: 9965.309 GC heap before
{Heap before GC invocations=80 (full 1):
 garbage-first heap   total 345088K, used 151516K [0x0000000080000000, 0x0000000100000000)
  region size 1024K, 16 young (16384K), 3 survivors (3072K)
 Metaspace       used 144431K, committed 145920K, reserved 1179648K
  class space    used 19506K, committed 20224K, reserved 1048576K
}
Event: 9965.311 GC heap after
{Heap after GC invocations=81 (full 1):
 garbage-first heap   total 345088K, used 137235K [0x0000000080000000, 0x0000000100000000)
  region size 1024K, 2 young (2048K), 2 survivors (2048K)
 Metaspace       used 144431K, committed 145920K, reserved 1179648K
  class space    used 19506K, committed 20224K, reserved 1048576K
}
Event: 9966.158 GC heap before
{Heap before GC invocations=81 (full 1):
 garbage-first heap   total 345088K, used 225299K [0x0000000080000000, 0x0000000100000000)
  region size 1024K, 90 young (92160K), 2 survivors (2048K)
 Metaspace       used 144611K, committed 146112K, reserved 1179648K
  class space    used 19509K, committed 20224K, reserved 1048576K
}
Event: 9966.160 GC heap after
{Heap after GC invocations=82 (full 1):
 garbage-first heap   total 345088K, used 135979K [0x0000000080000000, 0x0000000100000000)
  region size 1024K, 1 young (1024K), 1 survivors (1024K)
 Metaspace       used 144611K, committed 146112K, reserved 1179648K
  class space    used 19509K, committed 20224K, reserved 1048576K
}
Event: 10690.644 GC heap before
{Heap before GC invocations=83 (full 1):
 garbage-first heap   total 345088K, used 300843K [0x0000000080000000, 0x0000000100000000)
  region size 1024K, 150 young (153600K), 1 survivors (1024K)
 Metaspace       used 144817K, committed 146304K, reserved 1179648K
  class space    used 19517K, committed 20224K, reserved 1048576K
}
Event: 10690.652 GC heap after
{Heap after GC invocations=84 (full 1):
 garbage-first heap   total 345088K, used 142536K [0x0000000080000000, 0x0000000100000000)
  region size 1024K, 15 young (15360K), 15 survivors (15360K)
 Metaspace       used 144817K, committed 146304K, reserved 1179648K
  class space    used 19517K, committed 20224K, reserved 1048576K
}
Event: 10690.653 GC heap before
{Heap before GC invocations=84 (full 1):
 garbage-first heap   total 345088K, used 143560K [0x0000000080000000, 0x0000000100000000)
  region size 1024K, 16 young (16384K), 15 survivors (15360K)
 Metaspace       used 144817K, committed 146304K, reserved 1179648K
  class space    used 19517K, committed 20224K, reserved 1048576K
}
Event: 10690.660 GC heap after
{Heap after GC invocations=85 (full 1):
 garbage-first heap   total 345088K, used 142212K [0x0000000080000000, 0x0000000100000000)
  region size 1024K, 2 young (2048K), 2 survivors (2048K)
 Metaspace       used 144817K, committed 146304K, reserved 1179648K
  class space    used 19517K, committed 20224K, reserved 1048576K
}
Event: 10691.054 GC heap before
{Heap before GC invocations=85 (full 1):
 garbage-first heap   total 345088K, used 253828K [0x0000000080000000, 0x0000000100000000)
  region size 1024K, 113 young (115712K), 2 survivors (2048K)
 Metaspace       used 144922K, committed 146432K, reserved 1179648K
  class space    used 19517K, committed 20224K, reserved 1048576K
}
Event: 10691.056 GC heap after
{Heap after GC invocations=86 (full 1):
 garbage-first heap   total 345088K, used 141635K [0x0000000080000000, 0x0000000100000000)
  region size 1024K, 2 young (2048K), 2 survivors (2048K)
 Metaspace       used 144922K, committed 146432K, reserved 1179648K
  class space    used 19517K, committed 20224K, reserved 1048576K
}
Event: 10998.633 GC heap before
{Heap before GC invocations=87 (full 1):
 garbage-first heap   total 345088K, used 298307K [0x0000000080000000, 0x0000000100000000)
  region size 1024K, 141 young (144384K), 2 survivors (2048K)
 Metaspace       used 146395K, committed 148416K, reserved 1179648K
  class space    used 19809K, committed 20736K, reserved 1048576K
}
Event: 10998.641 GC heap after
{Heap after GC invocations=88 (full 1):
 garbage-first heap   total 345088K, used 149403K [0x0000000080000000, 0x0000000100000000)
  region size 1024K, 14 young (14336K), 14 survivors (14336K)
 Metaspace       used 146395K, committed 148416K, reserved 1179648K
  class space    used 19809K, committed 20736K, reserved 1048576K
}
Event: 10998.643 GC heap before
{Heap before GC invocations=88 (full 1):
 garbage-first heap   total 345088K, used 150427K [0x0000000080000000, 0x0000000100000000)
  region size 1024K, 16 young (16384K), 14 survivors (14336K)
 Metaspace       used 146395K, committed 148416K, reserved 1179648K
  class space    used 19809K, committed 20736K, reserved 1048576K
}
Event: 10998.651 GC heap after
{Heap after GC invocations=89 (full 1):
 garbage-first heap   total 345088K, used 143458K [0x0000000080000000, 0x0000000100000000)
  region size 1024K, 2 young (2048K), 2 survivors (2048K)
 Metaspace       used 146395K, committed 148416K, reserved 1179648K
  class space    used 19809K, committed 20736K, reserved 1048576K
}
Event: 10998.898 GC heap before
{Heap before GC invocations=89 (full 1):
 garbage-first heap   total 345088K, used 195682K [0x0000000080000000, 0x0000000100000000)
  region size 1024K, 55 young (56320K), 2 survivors (2048K)
 Metaspace       used 146424K, committed 148416K, reserved 1179648K
  class space    used 19809K, committed 20736K, reserved 1048576K
}

